<?xml version="1.0" encoding="UTF-8"?>
<!-- Generated by org.testng.reporters.JUnitReportReporter -->
<testsuite skipped="0" hostname="ATMECSINLT-002" name="com.konakart.testscenarios.SpecificProductValidationScenario" tests="1" failures="0" timestamp="2019-10-14T21:11:38 IST" time="14.806" errors="0">
  <testcase name="navigateToProductDetails" time="14.806" classname="com.konakart.testscenarios.SpecificProductValidationScenario"/>
</testsuite> <!-- com.konakart.testscenarios.SpecificProductValidationScenario -->
