<?xml version="1.0" encoding="UTF-8"?>
<!-- Generated by org.testng.reporters.JUnitReportReporter -->
<testsuite skipped="0" hostname="ATMECSINLT-002" name="com.konakart.testscenarios.SearchProductScenario" tests="4" failures="0" timestamp="2019-10-14T21:04:08 IST" time="38.763" errors="0">
  <testcase name="OutComeOfSearch" time="15.235" classname="com.konakart.testscenarios.SearchProductScenario"/>
  <testcase name="OutComeOfSearch" time="3.968" classname="com.konakart.testscenarios.SearchProductScenario"/>
  <testcase name="OutComeOfSearch" time="15.351" classname="com.konakart.testscenarios.SearchProductScenario"/>
  <testcase name="OutComeOfSearch" time="4.209" classname="com.konakart.testscenarios.SearchProductScenario"/>
</testsuite> <!-- com.konakart.testscenarios.SearchProductScenario -->
