<?xml version="1.0" encoding="UTF-8"?>
<!-- Generated by org.testng.reporters.JUnitReportReporter -->
<testsuite skipped="0" hostname="ATMECSINLT-002" name="com.konakart.testscenarios.SpecificProductValidationScenario" tests="1" failures="0" timestamp="2019-10-22T17:20:03 IST" time="39.079" errors="0">
  <testcase name="navigateToProductDetails" time="39.079" classname="com.konakart.testscenarios.SpecificProductValidationScenario"/>
</testsuite> <!-- com.konakart.testscenarios.SpecificProductValidationScenario -->
